<?xml version="1.0" encoding="UTF-8"?>
<testsuite xmlns:xsi="http://www.w3.org/2001/XMLSchema-instance" xsi:noNamespaceSchemaLocation="https://maven.apache.org/surefire/maven-surefire-plugin/xsd/surefire-test-report.xsd" name="com.wellness.AppTest" time="0.026" tests="1" errors="0" skipped="0" failures="0">
  <properties>
    <property name="java.specification.version" value="17"/>
    <property name="sun.cpu.isalist" value="amd64"/>
    <property name="sun.jnu.encoding" value="Cp1252"/>
    <property name="java.class.path" value="c:\Users\mails\Desktop\Projects\wellnesswarrior\target\test-classes;c:\Users\mails\Desktop\Projects\wellnesswarrior\target\classes;C:\Users\mails\.m2\repository\junit\junit\4.11\junit-4.11.jar;C:\Users\mails\.m2\repository\org\hamcrest\hamcrest-core\1.3\hamcrest-core-1.3.jar;C:\Users\mails\.m2\repository\io\github\cdimascio\dotenv-java\3.0.0\dotenv-java-3.0.0.jar;C:\Users\mails\.m2\repository\ch\qos\logback\logback-classic\1.2.6\logback-classic-1.2.6.jar;C:\Users\mails\.m2\repository\ch\qos\logback\logback-core\1.2.6\logback-core-1.2.6.jar;C:\Users\mails\.m2\repository\org\slf4j\slf4j-api\1.7.32\slf4j-api-1.7.32.jar;C:\Users\mails\.m2\repository\org\mongodb\mongodb-driver-sync\4.10.2\mongodb-driver-sync-4.10.2.jar;C:\Users\mails\.m2\repository\org\mongodb\bson\4.10.2\bson-4.10.2.jar;C:\Users\mails\.m2\repository\org\mongodb\mongodb-driver-core\4.10.2\mongodb-driver-core-4.10.2.jar;C:\Users\mails\.m2\repository\org\mongodb\bson-record-codec\4.10.2\bson-record-codec-4.10.2.jar;C:\Users\mails\.m2\repository\com\fazecast\jSerialComm\2.8.0\jSerialComm-2.8.0.jar;"/>
    <property name="java.vm.vendor" value="Eclipse Adoptium"/>
    <property name="sun.arch.data.model" value="64"/>
    <property name="user.variant" value=""/>
    <property name="java.vendor.url" value="https://adoptium.net/"/>
    <property name="user.timezone" value="America/Toronto"/>
    <property name="os.name" value="Windows 11"/>
    <property name="java.vm.specification.version" value="17"/>
    <property name="sun.java.launcher" value="SUN_STANDARD"/>
    <property name="user.country" value="CA"/>
    <property name="sun.boot.library.path" value="C:\Users\mails\AppData\Local\Programs\Eclipse Adoptium\jdk-17.0.8.7-hotspot\bin"/>
    <property name="sun.java.command" value="C:\Users\mails\AppData\Local\Temp\surefire4847751369387399946\surefirebooter15680286171578548215.jar C:\Users\mails\AppData\Local\Temp\surefire4847751369387399946 2023-12-28T15-11-57_565-jvmRun1 surefire9188729706489571671tmp surefire_015889606667832893702tmp"/>
    <property name="jdk.debug" value="release"/>
    <property name="surefire.test.class.path" value="c:\Users\mails\Desktop\Projects\wellnesswarrior\target\test-classes;c:\Users\mails\Desktop\Projects\wellnesswarrior\target\classes;C:\Users\mails\.m2\repository\junit\junit\4.11\junit-4.11.jar;C:\Users\mails\.m2\repository\org\hamcrest\hamcrest-core\1.3\hamcrest-core-1.3.jar;C:\Users\mails\.m2\repository\io\github\cdimascio\dotenv-java\3.0.0\dotenv-java-3.0.0.jar;C:\Users\mails\.m2\repository\ch\qos\logback\logback-classic\1.2.6\logback-classic-1.2.6.jar;C:\Users\mails\.m2\repository\ch\qos\logback\logback-core\1.2.6\logback-core-1.2.6.jar;C:\Users\mails\.m2\repository\org\slf4j\slf4j-api\1.7.32\slf4j-api-1.7.32.jar;C:\Users\mails\.m2\repository\org\mongodb\mongodb-driver-sync\4.10.2\mongodb-driver-sync-4.10.2.jar;C:\Users\mails\.m2\repository\org\mongodb\bson\4.10.2\bson-4.10.2.jar;C:\Users\mails\.m2\repository\org\mongodb\mongodb-driver-core\4.10.2\mongodb-driver-core-4.10.2.jar;C:\Users\mails\.m2\repository\org\mongodb\bson-record-codec\4.10.2\bson-record-codec-4.10.2.jar;C:\Users\mails\.m2\repository\com\fazecast\jSerialComm\2.8.0\jSerialComm-2.8.0.jar;"/>
    <property name="sun.cpu.endian" value="little"/>
    <property name="user.home" value="C:\Users\mails"/>
    <property name="user.language" value="en"/>
    <property name="java.specification.vendor" value="Oracle Corporation"/>
    <property name="java.version.date" value="2023-07-18"/>
    <property name="java.home" value="C:\Users\mails\AppData\Local\Programs\Eclipse Adoptium\jdk-17.0.8.7-hotspot"/>
    <property name="file.separator" value="\"/>
    <property name="basedir" value="c:\Users\mails\Desktop\Projects\wellnesswarrior"/>
    <property name="java.vm.compressedOopsMode" value="Zero based"/>
    <property name="line.separator" value="&#10;"/>
    <property name="java.vm.specification.vendor" value="Oracle Corporation"/>
    <property name="java.specification.name" value="Java Platform API Specification"/>
    <property name="surefire.real.class.path" value="C:\Users\mails\AppData\Local\Temp\surefire4847751369387399946\surefirebooter15680286171578548215.jar"/>
    <property name="user.script" value=""/>
    <property name="sun.management.compiler" value="HotSpot 64-Bit Tiered Compilers"/>
    <property name="java.runtime.version" value="17.0.8+7"/>
    <property name="user.name" value="mails"/>
    <property name="path.separator" value=";"/>
    <property name="os.version" value="10.0"/>
    <property name="java.runtime.name" value="OpenJDK Runtime Environment"/>
    <property name="file.encoding" value="Cp1252"/>
    <property name="java.vm.name" value="OpenJDK 64-Bit Server VM"/>
    <property name="java.vendor.version" value="Temurin-17.0.8+7"/>
    <property name="localRepository" value="C:\Users\mails\.m2\repository"/>
    <property name="java.vendor.url.bug" value="https://github.com/adoptium/adoptium-support/issues"/>
    <property name="java.io.tmpdir" value="C:\Users\mails\AppData\Local\Temp\"/>
    <property name="java.version" value="17.0.8"/>
    <property name="user.dir" value="c:\Users\mails\Desktop\Projects\wellnesswarrior"/>
    <property name="os.arch" value="amd64"/>
    <property name="java.vm.specification.name" value="Java Virtual Machine Specification"/>
    <property name="sun.os.patch.level" value=""/>
    <property name="native.encoding" value="Cp1252"/>
    <property name="java.library.path" value="C:\Users\mails\AppData\Local\Programs\Eclipse Adoptium\jdk-17.0.8.7-hotspot\bin;C:\WINDOWS\Sun\Java\bin;C:\WINDOWS\system32;C:\WINDOWS;C:\Program Files\Common Files\Oracle\Java\javapath;C:\WINDOWS\system32;C:\WINDOWS;C:\WINDOWS\System32\Wbem;C:\WINDOWS\System32\WindowsPowerShell\v1.0\;C:\WINDOWS\System32\OpenSSH\;C:\Program Files\dotnet\;C:\Program Files\Common Files\Quanser\hardware\;C:\Program Files (x86)\Common Files\Quanser\hardware\;C:\Program Files\Quanser\QUARC\;C:\Program Files\MATLAB\R2022b\bin;C:\Program Files\nodejs\;C:\Program Files\Git\cmd;C:\Program Files\apache-maven-3.9.4\bin;C:\MinGW\bin;C:\MinGW\msys\1.0\bin;C:\Users\mails\AppData\Local\Programs\Eclipse Adoptium\jdk-17.0.8.7-hotspot\bin;C:\Users\mails\AppData\Local\Programs\Python\Python38\Scripts\;C:\Users\mails\AppData\Local\Programs\Python\Python38\;C:\Users\mails\AppData\Local\Microsoft\WindowsApps;C:\Users\mails\AppData\Local\Programs\Microsoft VS Code\bin;C:\Users\mails\AppData\Roaming\npm;C:\Users\mails\AppData\Local\Google\Cloud SDK\google-cloud-sdk\bin;C:\Program Files\JetBrains\IntelliJ IDEA 2023.2.1\bin;;C:\intelFPGA_lite\22.1std\questa_fse\win64;C:\Program Files (x86)\Dr. Memory\bin\;C:\bin\;."/>
    <property name="java.vm.info" value="mixed mode, sharing"/>
    <property name="java.vendor" value="Eclipse Adoptium"/>
    <property name="java.vm.version" value="17.0.8+7"/>
    <property name="sun.io.unicode.encoding" value="UnicodeLittle"/>
    <property name="java.class.version" value="61.0"/>
  </properties>
  <testcase name="shouldAnswerWithTrue" classname="com.wellness.AppTest" time="0.001"/>
</testsuite>